<?xml version="1.0" encoding="UTF-8"?>
<testng-results ignored="0" total="2" passed="2" failed="0" skipped="0">
  <reporter-output>
  </reporter-output>
  <suite started-at="2025-01-19T15:01:22 IST" name="Default suite" finished-at="2025-01-19T15:01:23 IST" duration-ms="821">
    <groups>
    </groups>
    <test started-at="2025-01-19T15:01:22 IST" name="Default test" finished-at="2025-01-19T15:01:23 IST" duration-ms="821">
      <class name="testCases.excelReadData">
        <test-method signature="displayData(java.lang.String,java.lang.String)[pri:0, instance:testCases.excelReadData@35841320]" started-at="2025-01-19T15:01:23 IST" name="displayData" data-provider="excelData" finished-at="2025-01-19T15:01:23 IST" duration-ms="5" status="PASS">
          <params>
            <param index="0">
              <value>
                <![CDATA[test1]]>
              </value>
            </param>
            <param index="1">
              <value>
                <![CDATA[a1sd]]>
              </value>
            </param>
          </params>
          <reporter-output>
          </reporter-output>
        </test-method> <!-- displayData -->
        <test-method signature="displayData(java.lang.String,java.lang.String)[pri:0, instance:testCases.excelReadData@35841320]" started-at="2025-01-19T15:01:23 IST" name="displayData" data-provider="excelData" finished-at="2025-01-19T15:01:23 IST" duration-ms="1" status="PASS">
          <params>
            <param index="0">
              <value>
                <![CDATA[test2]]>
              </value>
            </param>
            <param index="1">
              <value>
                <![CDATA[a2sdef]]>
              </value>
            </param>
          </params>
          <reporter-output>
          </reporter-output>
        </test-method> <!-- displayData -->
      </class> <!-- testCases.excelReadData -->
    </test> <!-- Default test -->
  </suite> <!-- Default suite -->
</testng-results>
