<?xml version="1.0" encoding="UTF-8"?>
<testng-results ignored="0" total="1" passed="1" failed="0" skipped="0">
  <reporter-output>
  </reporter-output>
  <suite started-at="2024-12-08T22:15:48 IST" name="Default suite" finished-at="2024-12-08T22:15:56 IST" duration-ms="8250">
    <groups>
    </groups>
    <test started-at="2024-12-08T22:15:48 IST" name="Default test" finished-at="2024-12-08T22:15:56 IST" duration-ms="8250">
      <class name="com.projectTask.testCases.practice">
        <test-method signature="openGoogle()[pri:0, instance:com.projectTask.testCases.practice@483f6d77]" started-at="2024-12-08T22:15:48 IST" name="openGoogle" finished-at="2024-12-08T22:15:56 IST" duration-ms="8217" status="PASS">
          <reporter-output>
          </reporter-output>
        </test-method> <!-- openGoogle -->
      </class> <!-- com.projectTask.testCases.practice -->
    </test> <!-- Default test -->
  </suite> <!-- Default suite -->
</testng-results>
