<?xml version="1.0" encoding="UTF-8"?>
<!-- Generated by org.testng.reporters.JUnitXMLReporter -->
<testsuite ignored="0" hostname="Dasvin" failures="0" tests="6" name="Test" time="37.848" errors="0" timestamp="2024-04-19T00:15:07 IST">
  <testcase classname="com.projectTask.testCases.MakeMyTripTestcase" name="MakeMyTripTest" time="5.525"/>
  <testcase classname="com.projectTask.testCases.SeleniumTestcase" name="SeleniumPageTest" time="2.434"/>
  <testcase classname="com.projectTask.testCases.AlertTestcase" name="alertCases" time="9.518"/>
  <testcase classname="com.projectTask.testCases.MultiWindowTestcase" name="windowTest" time="3.265"/>
  <testcase classname="com.projectTask.testCases.CaseStudy" name="caseStudyTest" time="1.714"/>
  <testcase classname="com.projectTask.testCases.CreateAndWriteDataInExcel" name="writeDataToExcelTest" time="1.204"/>
</testsuite> <!-- Test -->
